# JRE version: Java(TM) SE Runtime Environment (8.0_172-b11) (build 1.8.0_172-b11)
# Java VM: Java HotSpot(TM) 64-Bit Server VM (25.172-b11 mixed mode windows-amd64 compressed oops)
Heap:
 PSYoungGen      total 320000K, used 103330K [0x00000000eab00000, 0x0000000100000000, 0x0000000100000000)
  eden space 302592K, 31% used [0x00000000eab00000,0x00000000f08f0bb8,0x00000000fd280000)
  from space 17408K, 40% used [0x00000000fd280000,0x00000000fd978000,0x00000000fe380000)
  to   space 16896K, 0% used [0x00000000fef80000,0x00000000fef80000,0x0000000100000000)
 ParOldGen       total 107008K, used 72361K [0x00000000c0000000, 0x00000000c6880000, 0x00000000eab00000)
  object space 107008K, 67% used [0x00000000c0000000,0x00000000c46aa470,0x00000000c6880000)
 Metaspace       used 51316K, capacity 54604K, committed 54912K, reserved 1095680K
  class space    used 6946K, capacity 7718K, committed 7808K, reserved 1048576K
GC Heap History (10 events):
Event: 2026.609 GC heap before
{Heap before GC invocations=25 (full 4):
 PSYoungGen      total 326656K, used 308870K [0x00000000eab00000, 0x00000000ffe80000, 0x0000000100000000)
  eden space 306688K, 100% used [0x00000000eab00000,0x00000000fd680000,0x00000000fd680000)
  from space 19968K, 10% used [0x00000000feb00000,0x00000000fed21a40,0x00000000ffe80000)
  to   space 20480K, 0% used [0x00000000fd680000,0x00000000fd680000,0x00000000fea80000)
 ParOldGen       total 107008K, used 61912K [0x00000000c0000000, 0x00000000c6880000, 0x00000000eab00000)
  object space 107008K, 57% used [0x00000000c0000000,0x00000000c3c760f8,0x00000000c6880000)
 Metaspace       used 48797K, capacity 51588K, committed 52608K, reserved 1093632K
  class space    used 6583K, capacity 7281K, committed 7552K, reserved 1048576K
Event: 2026.630 GC heap after
Heap after GC invocations=25 (full 4):
 PSYoungGen      total 327168K, used 3268K [0x00000000eab00000, 0x00000000ffe80000, 0x0000000100000000)
  eden space 306688K, 0% used [0x00000000eab00000,0x00000000eab00000,0x00000000fd680000)
  from space 20480K, 15% used [0x00000000fd680000,0x00000000fd9b1180,0x00000000fea80000)
  to   space 19456K, 0% used [0x00000000feb80000,0x00000000feb80000,0x00000000ffe80000)
 ParOldGen       total 107008K, used 62877K [0x00000000c0000000, 0x00000000c6880000, 0x00000000eab00000)
  object space 107008K, 58% used [0x00000000c0000000,0x00000000c3d675c8,0x00000000c6880000)
 Metaspace       used 48797K, capacity 51588K, committed 52608K, reserved 1093632K
  class space    used 6583K, capacity 7281K, committed 7552K, reserved 1048576K
}
Event: 2128.166 GC heap before
{Heap before GC invocations=26 (full 4):
 PSYoungGen      total 327168K, used 309956K [0x00000000eab00000, 0x00000000ffe80000, 0x0000000100000000)
  eden space 306688K, 100% used [0x00000000eab00000,0x00000000fd680000,0x00000000fd680000)
  from space 20480K, 15% used [0x00000000fd680000,0x00000000fd9b1180,0x00000000fea80000)
  to   space 19456K, 0% used [0x00000000feb80000,0x00000000feb80000,0x00000000ffe80000)
 ParOldGen       total 107008K, used 62877K [0x00000000c0000000, 0x00000000c6880000, 0x00000000eab00000)
  object space 107008K, 58% used [0x00000000c0000000,0x00000000c3d675c8,0x00000000c6880000)
 Metaspace       used 49021K, capacity 51844K, committed 52864K, reserved 1095680K
  class space    used 6583K, capacity 7281K, committed 7552K, reserved 1048576K
Event: 2128.180 GC heap after
Heap after GC invocations=26 (full 4):
 PSYoungGen      total 327168K, used 4147K [0x00000000eab00000, 0x00000000ffd00000, 0x0000000100000000)
  eden space 309248K, 0% used [0x00000000eab00000,0x00000000eab00000,0x00000000fd900000)
  from space 17920K, 23% used [0x00000000feb80000,0x00000000fef8cf50,0x00000000ffd00000)
  to   space 18432K, 0% used [0x00000000fd900000,0x00000000fd900000,0x00000000feb00000)
 ParOldGen       total 107008K, used 64719K [0x00000000c0000000, 0x00000000c6880000, 0x00000000eab00000)
  object space 107008K, 60% used [0x00000000c0000000,0x00000000c3f33f80,0x00000000c6880000)
 Metaspace       used 49021K, capacity 51844K, committed 52864K, reserved 1095680K
  class space    used 6583K, capacity 7281K, committed 7552K, reserved 1048576K
}
Event: 2257.278 GC heap before
{Heap before GC invocations=27 (full 4):
 PSYoungGen      total 327168K, used 313395K [0x00000000eab00000, 0x00000000ffd00000, 0x0000000100000000)
  eden space 309248K, 100% used [0x00000000eab00000,0x00000000fd900000,0x00000000fd900000)
  from space 17920K, 23% used [0x00000000feb80000,0x00000000fef8cf50,0x00000000ffd00000)
  to   space 18432K, 0% used [0x00000000fd900000,0x00000000fd900000,0x00000000feb00000)
 ParOldGen       total 107008K, used 64719K [0x00000000c0000000, 0x00000000c6880000, 0x00000000eab00000)
  object space 107008K, 60% used [0x00000000c0000000,0x00000000c3f33f80,0x00000000c6880000)
 Metaspace       used 49044K, capacity 51844K, committed 52864K, reserved 1095680K
  class space    used 6584K, capacity 7281K, committed 7552K, reserved 1048576K
Event: 2257.307 GC heap after
Heap after GC invocations=27 (full 4):
 PSYoungGen      total 327680K, used 1602K [0x00000000eab00000, 0x00000000fff80000, 0x0000000100000000)
  eden space 309248K, 0% used [0x00000000eab00000,0x00000000eab00000,0x00000000fd900000)
  from space 18432K, 8% used [0x00000000fd900000,0x00000000fda908c0,0x00000000feb00000)
  to   space 17920K, 0% used [0x00000000fee00000,0x00000000fee00000,0x00000000fff80000)
 ParOldGen       total 107008K, used 66833K [0x00000000c0000000, 0x00000000c6880000, 0x00000000eab00000)
  object space 107008K, 62% used [0x00000000c0000000,0x00000000c4144450,0x00000000c6880000)
 Metaspace       used 49044K, capacity 51844K, committed 52864K, reserved 1095680K
  class space    used 6584K, capacity 7281K, committed 7552K, reserved 1048576K
}
Event: 2364.436 GC heap before
{Heap before GC invocations=28 (full 4):
 PSYoungGen      total 327680K, used 310850K [0x00000000eab00000, 0x00000000fff80000, 0x0000000100000000)
  eden space 309248K, 100% used [0x00000000eab00000,0x00000000fd900000,0x00000000fd900000)
  from space 18432K, 8% used [0x00000000fd900000,0x00000000fda908c0,0x00000000feb00000)
  to   space 17920K, 0% used [0x00000000fee00000,0x00000000fee00000,0x00000000fff80000)
 ParOldGen       total 107008K, used 66833K [0x00000000c0000000, 0x00000000c6880000, 0x00000000eab00000)
  object space 107008K, 62% used [0x00000000c0000000,0x00000000c4144450,0x00000000c6880000)
 Metaspace       used 50673K, capacity 53632K, committed 54400K, reserved 1095680K
  class space    used 6874K, capacity 7609K, committed 7808K, reserved 1048576K
Event: 2364.465 GC heap after
Heap after GC invocations=28 (full 4):
 PSYoungGen      total 302080K, used 6631K [0x00000000eab00000, 0x00000000ff480000, 0x0000000100000000)
  eden space 295424K, 0% used [0x00000000eab00000,0x00000000eab00000,0x00000000fcb80000)
  from space 6656K, 99% used [0x00000000fee00000,0x00000000ff479ef0,0x00000000ff480000)
  to   space 17408K, 0% used [0x00000000fd280000,0x00000000fd280000,0x00000000fe380000)
 ParOldGen       total 107008K, used 67329K [0x00000000c0000000, 0x00000000c6880000, 0x00000000eab00000)
  object space 107008K, 62% used [0x00000000c0000000,0x00000000c41c0450,0x00000000c6880000)
 Metaspace       used 50673K, capacity 53632K, committed 54400K, reserved 1095680K
  class space    used 6874K, capacity 7609K, committed 7808K, reserved 1048576K
}
Event: 2365.158 GC heap before
{Heap before GC invocations=29 (full 4):
 PSYoungGen      total 302080K, used 302055K [0x00000000eab00000, 0x00000000ff480000, 0x0000000100000000)
  eden space 295424K, 100% used [0x00000000eab00000,0x00000000fcb80000,0x00000000fcb80000)
  from space 6656K, 99% used [0x00000000fee00000,0x00000000ff479ef0,0x00000000ff480000)
  to   space 17408K, 0% used [0x00000000fd280000,0x00000000fd280000,0x00000000fe380000)
 ParOldGen       total 107008K, used 67329K [0x00000000c0000000, 0x00000000c6880000, 0x00000000eab00000)
  object space 107008K, 62% used [0x00000000c0000000,0x00000000c41c0450,0x00000000c6880000)
 Metaspace       used 51086K, capacity 54256K, committed 54400K, reserved 1095680K
  class space    used 6921K, capacity 7691K, committed 7808K, reserved 1048576K
Event: 2365.202 GC heap after
Heap after GC invocations=29 (full 4):
 PSYoungGen      total 320000K, used 7136K [0x00000000eab00000, 0x0000000100000000, 0x0000000100000000)
  eden space 302592K, 0% used [0x00000000eab00000,0x00000000eab00000,0x00000000fd280000)
  from space 17408K, 40% used [0x00000000fd280000,0x00000000fd978000,0x00000000fe380000)
  to   space 16896K, 0% used [0x00000000fef80000,0x00000000fef80000,0x0000000100000000)
 ParOldGen       total 107008K, used 72361K [0x00000000c0000000, 0x00000000c6880000, 0x00000000eab00000)
  object space 107008K, 67% used [0x00000000c0000000,0x00000000c46aa470,0x00000000c6880000)
 Metaspace       used 51086K, capacity 54256K, committed 54400K, reserved 1095680K
  class space    used 6921K, capacity 7691K, committed 7808K, reserved 1048576K
}

